<?xml version="1.0" encoding="UTF-8"?>
<testsuite xmlns:xsi="http://www.w3.org/2001/XMLSchema-instance" xsi:noNamespaceSchemaLocation="https://maven.apache.org/surefire/maven-surefire-plugin/xsd/surefire-test-report-3.0.xsd" version="3.0" name="com.BitProject.productservice.ProductServiceApplicationTests" time="10.037" tests="1" errors="0" skipped="0" failures="0">
  <properties>
[...]
</properties>
  <testcase name="shouldCreateProduct" classname="com.BitProject.productservice.ProductServiceApplicationTests" time="0.889">
    <system-out><![CDATA[15:51:52.559 [main] INFO org.springframework.test.context.support.AnnotationConfigContextLoaderUtils -- Could not detect default configuration classes for test class [com.BitProject.productservice.ProductServiceApplicationTests]: ProductServiceApplicationTests does not declare any static, non-private, non-final, nested classes annotated with @Configuration.
15:51:52.718 [main] INFO org.springframework.boot.test.context.SpringBootTestContextBootstrapper -- Found @SpringBootConfiguration com.BitProject.productservice.ProductServiceApplication for test class com.BitProject.productservice.ProductServiceApplicationTests
15:51:52.886 [main] INFO org.testcontainers.images.PullPolicy -- Image pull policy will be performed by: DefaultPullPolicy()
15:51:52.891 [main] INFO org.testcontainers.utility.ImageNameSubstitutor -- Image name substitution will be performed by: DefaultImageNameSubstitutor (composite of 'ConfigurationFileImageNameSubstitutor' and 'PrefixingImageNameSubstitutor')
15:51:53.201 [main] INFO org.testcontainers.dockerclient.DockerClientProviderStrategy -- Loaded org.testcontainers.dockerclient.NpipeSocketClientProviderStrategy from ~/.testcontainers.properties, will try it first
15:51:53.524 [main] INFO org.testcontainers.dockerclient.DockerClientProviderStrategy -- Found Docker environment with local Npipe socket (npipe:////./pipe/docker_engine)
15:51:53.527 [main] INFO org.testcontainers.DockerClientFactory -- Docker host IP address is localhost
15:51:53.555 [main] INFO org.testcontainers.DockerClientFactory -- Connected to docker: 
  Server Version: 24.0.7
  API Version: 1.43
  Operating System: Docker Desktop
  Total Memory: 7626 MB
15:51:53.581 [main] INFO tc.testcontainers/ryuk:0.6.0 -- Creating container for image: testcontainers/ryuk:0.6.0
15:51:54.167 [main] INFO tc.testcontainers/ryuk:0.6.0 -- Container testcontainers/ryuk:0.6.0 is starting: c844bc9906169be9ac86b766b0cc7f760a70aee41121361f847d16ab415d57a5
15:51:54.638 [main] INFO tc.testcontainers/ryuk:0.6.0 -- Container testcontainers/ryuk:0.6.0 started in PT1.0570611S
15:51:54.647 [main] INFO org.testcontainers.utility.RyukResourceReaper -- Ryuk started - will monitor and terminate Testcontainers containers on JVM exit
15:51:54.648 [main] INFO org.testcontainers.DockerClientFactory -- Checking the system...
15:51:54.649 [main] INFO org.testcontainers.DockerClientFactory -- ?? Docker server version should be at least 1.6.0
15:51:54.650 [main] INFO tc.postgres:14.1 -- Creating container for image: postgres:14.1
15:51:54.699 [main] INFO tc.postgres:14.1 -- Container postgres:14.1 is starting: 10b4863d81c6b46e5791837b134848e26c90c9090dffe95362744bb4ae0f9448
15:51:56.019 [main] INFO tc.postgres:14.1 -- Container postgres:14.1 started in PT1.3688895S
15:51:56.019 [main] INFO tc.postgres:14.1 -- Container is started (JDBC URL: jdbc:postgresql://localhost:61313/test?loggerLevel=OFF)

  .   ____          _            __ _ _
 /\\ / ___'_ __ _ _(_)_ __  __ _ \ \ \ \
( ( )\___ | '_ | '_| | '_ \/ _` | \ \ \ \
 \\/  ___)| |_)| | | | | || (_| |  ) ) ) )
  '  |____| .__|_| |_|_| |_\__, | / / / /
 =========|_|==============|___/=/_/_/_/
 :: Spring Boot ::                (v3.2.2)

2024-02-07T15:51:56.356+03:00  INFO 18416 --- [           main] c.B.p.ProductServiceApplicationTests     : Starting ProductServiceApplicationTests using Java 17.0.10 with PID 18416 (started by foyko in C:\Users\foyko\Desktop\microservices-parent\product-service)
2024-02-07T15:51:56.357+03:00  INFO 18416 --- [           main] c.B.p.ProductServiceApplicationTests     : No active profile set, falling back to 1 default profile: "default"
2024-02-07T15:51:57.147+03:00  INFO 18416 --- [           main] .s.d.r.c.RepositoryConfigurationDelegate : Bootstrapping Spring Data JPA repositories in DEFAULT mode.
2024-02-07T15:51:57.229+03:00  INFO 18416 --- [           main] .s.d.r.c.RepositoryConfigurationDelegate : Finished Spring Data repository scanning in 71 ms. Found 1 JPA repository interface.
2024-02-07T15:51:57.864+03:00  INFO 18416 --- [           main] o.hibernate.jpa.internal.util.LogHelper  : HHH000204: Processing PersistenceUnitInfo [name: default]
2024-02-07T15:51:58.024+03:00  INFO 18416 --- [           main] org.hibernate.Version                    : HHH000412: Hibernate ORM core version 6.4.1.Final
2024-02-07T15:51:58.094+03:00  INFO 18416 --- [           main] o.h.c.internal.RegionFactoryInitiator    : HHH000026: Second-level cache disabled
2024-02-07T15:51:58.373+03:00  INFO 18416 --- [           main] o.s.o.j.p.SpringPersistenceUnitInfo      : No LoadTimeWeaver setup: ignoring JPA class transformer
2024-02-07T15:51:58.410+03:00  INFO 18416 --- [           main] com.zaxxer.hikari.HikariDataSource       : HikariPool-1 - Starting...
2024-02-07T15:51:58.610+03:00  INFO 18416 --- [           main] com.zaxxer.hikari.pool.HikariPool        : HikariPool-1 - Added connection org.postgresql.jdbc.PgConnection@4d174189
2024-02-07T15:51:58.612+03:00  INFO 18416 --- [           main] com.zaxxer.hikari.HikariDataSource       : HikariPool-1 - Start completed.
2024-02-07T15:51:59.569+03:00  INFO 18416 --- [           main] o.h.e.t.j.p.i.JtaPlatformInitiator       : HHH000489: No JTA platform available (set 'hibernate.transaction.jta.platform' to enable JTA platform integration)
Hibernate: 
    create table public.products (
        id bigserial not null,
        description varchar(255),
        is_deleted boolean not null,
        name varchar(255),
        price float(53) not null,
        stock integer not null,
        primary key (id)
    )
2024-02-07T15:51:59.627+03:00  INFO 18416 --- [           main] j.LocalContainerEntityManagerFactoryBean : Initialized JPA EntityManagerFactory for persistence unit 'default'
2024-02-07T15:52:00.236+03:00  WARN 18416 --- [           main] JpaBaseConfiguration$JpaWebConfiguration : spring.jpa.open-in-view is enabled by default. Therefore, database queries may be performed during view rendering. Explicitly configure spring.jpa.open-in-view to disable this warning
2024-02-07T15:52:00.961+03:00  INFO 18416 --- [           main] o.s.b.t.m.w.SpringBootMockServletContext : Initializing Spring TestDispatcherServlet ''
2024-02-07T15:52:00.962+03:00  INFO 18416 --- [           main] o.s.t.web.servlet.TestDispatcherServlet  : Initializing Servlet ''
2024-02-07T15:52:00.964+03:00  INFO 18416 --- [           main] o.s.t.web.servlet.TestDispatcherServlet  : Completed initialization in 0 ms
2024-02-07T15:52:00.998+03:00  INFO 18416 --- [           main] c.B.p.ProductServiceApplicationTests     : Started ProductServiceApplicationTests in 4.935 seconds (process running for 9.346)
Hibernate: 
    insert 
    into
        public.products
        (description, is_deleted, name, price, stock) 
    values
        (?, ?, ?, ?, ?)
Hibernate: 
    select
        p1_0.id,
        p1_0.description,
        p1_0.is_deleted,
        p1_0.name,
        p1_0.price,
        p1_0.stock 
    from
        public.products p1_0
]]></system-out>
  </testcase>
</testsuite>